<?xml version="1.0" encoding="UTF-8"?>
<!-- Generated by org.testng.reporters.JUnitReportReporter -->
<testsuite hostname="LAPTOP-J6JSJEKO" failures="0" tests="1" name="mavenselenium.ExtendR.TestMet" time="9.374" errors="0" timestamp="2021-08-10T15:48:37 IST" skipped="0">
  <testcase classname="mavenselenium.ExtendR.TestMet" name="testing" time="9.374"/>
  <system-out/>
</testsuite> <!-- mavenselenium.ExtendR.TestMet -->
