<?xml version="1.0" encoding="UTF-8"?>
<!-- Generated by org.testng.reporters.JUnitReportReporter -->
<testsuite hostname="LAPTOP-J6JSJEKO" failures="0" tests="1" name="mavenselenium.ExtendR.ExtendReportTest" time="19.445" errors="0" timestamp="2021-08-07T13:54:37 IST" skipped="0">
  <testcase classname="mavenselenium.ExtendR.ExtendReportTest" name="Testi" time="19.445"/>
  <system-out/>
</testsuite> <!-- mavenselenium.ExtendR.ExtendReportTest -->
